INFO:cmdstanpy:found newer exe file, not recompiling
INFO:cmdstanpy:compiled model file: /mnt/ceph/users/djin/git/q2-differential/q2_differential/assets/disease_single
Namespace(biom_table='/mnt/home/djin/ceph/git/q2-differential/q2_differential/tests/data/table36new.biom', chains=4, control_group='Healthy', groups='Status', metadata_file='/mnt/home/djin/ceph/git/q2-differential/q2_differential/tests/data/sample_metadata_6.txt', monte_carlo_samples=1000, output_inference='test2.nc', processes=1)
INFO:cmdstanpy:found newer exe file, not recompiling
INFO:cmdstanpy:compiled model file: /mnt/ceph/users/djin/git/q2-differential/q2_differential/assets/disease_single
INFO:cmdstanpy:start chain 1
INFO:cmdstanpy:start chain 2
INFO:cmdstanpy:start chain 3
INFO:cmdstanpy:start chain 4
INFO:cmdstanpy:finish chain 2
INFO:cmdstanpy:finish chain 1
INFO:cmdstanpy:finish chain 4
INFO:cmdstanpy:finish chain 3
WARNING:cmdstanpy:Property "stan_vars_cols" has been deprecated, use "metadata.stan_vars_cols" instead.
WARNING:cmdstanpy:Property "stan_vars_cols" has been deprecated, use "metadata.stan_vars_cols" instead.
WARNING:cmdstanpy:Property "stan_vars_cols" has been deprecated, use "metadata.stan_vars_cols" instead.
WARNING:cmdstanpy:Property "stan_vars_cols" has been deprecated, use "metadata.stan_vars_cols" instead.
WARNING:cmdstanpy:Property "stan_vars_cols" has been deprecated, use "metadata.stan_vars_cols" instead.
WARNING:cmdstanpy:Property "stan_vars_cols" has been deprecated, use "metadata.stan_vars_cols" instead.
WARNING:cmdstanpy:Property "stan_vars_cols" has been deprecated, use "metadata.stan_vars_cols" instead.
WARNING:cmdstanpy:Property "stan_vars_cols" has been deprecated, use "metadata.stan_vars_cols" instead.
WARNING:cmdstanpy:Property "stan_vars_cols" has been deprecated, use "metadata.stan_vars_cols" instead.
WARNING:cmdstanpy:Property "stan_vars_cols" has been deprecated, use "metadata.stan_vars_cols" instead.
WARNING:cmdstanpy:Property "stan_vars_cols" has been deprecated, use "metadata.stan_vars_cols" instead.
WARNING:cmdstanpy:Property "stan_vars_cols" has been deprecated, use "metadata.stan_vars_cols" instead.
WARNING:cmdstanpy:Property "stan_vars_cols" has been deprecated, use "metadata.stan_vars_cols" instead.
WARNING:cmdstanpy:Property "stan_vars_cols" has been deprecated, use "metadata.stan_vars_cols" instead.
WARNING:cmdstanpy:Property "stan_vars_cols" has been deprecated, use "metadata.stan_vars_cols" instead.
WARNING:cmdstanpy:Property "stan_vars_cols" has been deprecated, use "metadata.stan_vars_cols" instead.
WARNING:cmdstanpy:Property "stan_vars_cols" has been deprecated, use "metadata.stan_vars_cols" instead.
WARNING:cmdstanpy:Property "stan_vars_cols" has been deprecated, use "metadata.stan_vars_cols" instead.
WARNING:cmdstanpy:Property "stan_vars_cols" has been deprecated, use "metadata.stan_vars_cols" instead.
WARNING:cmdstanpy:Property "stan_vars_cols" has been deprecated, use "metadata.stan_vars_cols" instead.
WARNING:cmdstanpy:Property "stan_vars_cols" has been deprecated, use "metadata.stan_vars_cols" instead.
WARNING:cmdstanpy:Property "stan_vars_cols" has been deprecated, use "metadata.stan_vars_cols" instead.
WARNING:cmdstanpy:Property "stan_vars_cols" has been deprecated, use "metadata.stan_vars_cols" instead.
WARNING:cmdstanpy:Property "stan_vars_cols" has been deprecated, use "metadata.stan_vars_cols" instead.
WARNING:cmdstanpy:Property "stan_vars_cols" has been deprecated, use "metadata.stan_vars_cols" instead.
WARNING:cmdstanpy:Property "stan_vars_cols" has been deprecated, use "metadata.stan_vars_cols" instead.
WARNING:cmdstanpy:Property "stan_vars_cols" has been deprecated, use "metadata.stan_vars_cols" instead.
WARNING:cmdstanpy:Property "stan_vars_cols" has been deprecated, use "metadata.stan_vars_cols" instead.
WARNING:cmdstanpy:Property "stan_vars_cols" has been deprecated, use "metadata.stan_vars_cols" instead.
WARNING:cmdstanpy:Property "stan_vars_cols" has been deprecated, use "metadata.stan_vars_cols" instead.
WARNING:cmdstanpy:Property "stan_vars_cols" has been deprecated, use "metadata.stan_vars_cols" instead.
WARNING:cmdstanpy:Property "stan_vars_cols" has been deprecated, use "metadata.stan_vars_cols" instead.
WARNING:cmdstanpy:Property "stan_vars_cols" has been deprecated, use "metadata.stan_vars_cols" instead.
WARNING:cmdstanpy:Property "stan_vars_cols" has been deprecated, use "metadata.stan_vars_cols" instead.
WARNING:cmdstanpy:Property "stan_vars_cols" has been deprecated, use "metadata.stan_vars_cols" instead.
WARNING:cmdstanpy:Property "stan_vars_cols" has been deprecated, use "metadata.stan_vars_cols" instead.
WARNING:cmdstanpy:Property "stan_vars_cols" has been deprecated, use "metadata.stan_vars_cols" instead.
WARNING:cmdstanpy:Property "stan_vars_cols" has been deprecated, use "metadata.stan_vars_cols" instead.
WARNING:cmdstanpy:Property "stan_vars_cols" has been deprecated, use "metadata.stan_vars_cols" instead.
WARNING:cmdstanpy:Property "sampler_vars_cols" has been deprecated, use "metadata.method_vars_cols" instead.
WARNING:cmdstanpy:Property "sampler_vars_cols" has been deprecated, use "metadata.method_vars_cols" instead.
WARNING:cmdstanpy:Property "stan_vars_cols" has been deprecated, use "metadata.stan_vars_cols" instead.
WARNING:cmdstanpy:Property "sampler_vars_cols" has been deprecated, use "metadata.method_vars_cols" instead.
WARNING:cmdstanpy:Property "sampler_vars_cols" has been deprecated, use "metadata.method_vars_cols" instead.
WARNING:cmdstanpy:Property "stan_vars_cols" has been deprecated, use "metadata.stan_vars_cols" instead.
WARNING:cmdstanpy:Property "sampler_vars_cols" has been deprecated, use "metadata.method_vars_cols" instead.
WARNING:cmdstanpy:Property "sampler_vars_cols" has been deprecated, use "metadata.method_vars_cols" instead.
WARNING:cmdstanpy:Property "stan_vars_cols" has been deprecated, use "metadata.stan_vars_cols" instead.
WARNING:cmdstanpy:Property "sampler_vars_cols" has been deprecated, use "metadata.method_vars_cols" instead.
WARNING:cmdstanpy:Property "sampler_vars_cols" has been deprecated, use "metadata.method_vars_cols" instead.
WARNING:cmdstanpy:Property "stan_vars_cols" has been deprecated, use "metadata.stan_vars_cols" instead.
WARNING:cmdstanpy:Property "sampler_vars_cols" has been deprecated, use "metadata.method_vars_cols" instead.
WARNING:cmdstanpy:Property "sampler_vars_cols" has been deprecated, use "metadata.method_vars_cols" instead.
WARNING:cmdstanpy:Property "stan_vars_cols" has been deprecated, use "metadata.stan_vars_cols" instead.
WARNING:cmdstanpy:Property "sampler_vars_cols" has been deprecated, use "metadata.method_vars_cols" instead.
WARNING:cmdstanpy:Property "sampler_vars_cols" has been deprecated, use "metadata.method_vars_cols" instead.
WARNING:cmdstanpy:Property "stan_vars_cols" has been deprecated, use "metadata.stan_vars_cols" instead.
WARNING:cmdstanpy:Property "sampler_vars_cols" has been deprecated, use "metadata.method_vars_cols" instead.
WARNING:cmdstanpy:Property "sampler_vars_cols" has been deprecated, use "metadata.method_vars_cols" instead.
WARNING:cmdstanpy:Property "stan_vars_cols" has been deprecated, use "metadata.stan_vars_cols" instead.
WARNING:cmdstanpy:Property "sampler_vars_cols" has been deprecated, use "metadata.method_vars_cols" instead.
WARNING:cmdstanpy:Property "sampler_vars_cols" has been deprecated, use "metadata.method_vars_cols" instead.
WARNING:cmdstanpy:Property "stan_vars_cols" has been deprecated, use "metadata.stan_vars_cols" instead.
WARNING:cmdstanpy:Property "stan_vars_cols" has been deprecated, use "metadata.stan_vars_cols" instead.
WARNING:cmdstanpy:Property "stan_vars_cols" has been deprecated, use "metadata.stan_vars_cols" instead.
WARNING:cmdstanpy:Property "stan_vars_cols" has been deprecated, use "metadata.stan_vars_cols" instead.
WARNING:cmdstanpy:Property "stan_vars_cols" has been deprecated, use "metadata.stan_vars_cols" instead.
WARNING:cmdstanpy:Property "stan_vars_cols" has been deprecated, use "metadata.stan_vars_cols" instead.
INFO:cmdstanpy:found newer exe file, not recompiling
INFO:cmdstanpy:compiled model file: /mnt/ceph/users/djin/git/q2-differential/q2_differential/assets/disease_single
INFO:cmdstanpy:start chain 1
INFO:cmdstanpy:start chain 2
INFO:cmdstanpy:start chain 3
INFO:cmdstanpy:start chain 4
INFO:cmdstanpy:finish chain 3
INFO:cmdstanpy:finish chain 1
INFO:cmdstanpy:finish chain 4
INFO:cmdstanpy:finish chain 2
WARNING:cmdstanpy:Property "stan_vars_cols" has been deprecated, use "metadata.stan_vars_cols" instead.
WARNING:cmdstanpy:Property "stan_vars_cols" has been deprecated, use "metadata.stan_vars_cols" instead.
WARNING:cmdstanpy:Property "stan_vars_cols" has been deprecated, use "metadata.stan_vars_cols" instead.
WARNING:cmdstanpy:Property "stan_vars_cols" has been deprecated, use "metadata.stan_vars_cols" instead.
WARNING:cmdstanpy:Property "stan_vars_cols" has been deprecated, use "metadata.stan_vars_cols" instead.
WARNING:cmdstanpy:Property "stan_vars_cols" has been deprecated, use "metadata.stan_vars_cols" instead.
WARNING:cmdstanpy:Property "stan_vars_cols" has been deprecated, use "metadata.stan_vars_cols" instead.
WARNING:cmdstanpy:Property "stan_vars_cols" has been deprecated, use "metadata.stan_vars_cols" instead.
WARNING:cmdstanpy:Property "stan_vars_cols" has been deprecated, use "metadata.stan_vars_cols" instead.
WARNING:cmdstanpy:Property "stan_vars_cols" has been deprecated, use "metadata.stan_vars_cols" instead.
WARNING:cmdstanpy:Property "stan_vars_cols" has been deprecated, use "metadata.stan_vars_cols" instead.
WARNING:cmdstanpy:Property "stan_vars_cols" has been deprecated, use "metadata.stan_vars_cols" instead.
WARNING:cmdstanpy:Property "stan_vars_cols" has been deprecated, use "metadata.stan_vars_cols" instead.
WARNING:cmdstanpy:Property "stan_vars_cols" has been deprecated, use "metadata.stan_vars_cols" instead.
WARNING:cmdstanpy:Property "stan_vars_cols" has been deprecated, use "metadata.stan_vars_cols" instead.
WARNING:cmdstanpy:Property "stan_vars_cols" has been deprecated, use "metadata.stan_vars_cols" instead.
WARNING:cmdstanpy:Property "stan_vars_cols" has been deprecated, use "metadata.stan_vars_cols" instead.
WARNING:cmdstanpy:Property "stan_vars_cols" has been deprecated, use "metadata.stan_vars_cols" instead.
WARNING:cmdstanpy:Property "stan_vars_cols" has been deprecated, use "metadata.stan_vars_cols" instead.
WARNING:cmdstanpy:Property "stan_vars_cols" has been deprecated, use "metadata.stan_vars_cols" instead.
WARNING:cmdstanpy:Property "stan_vars_cols" has been deprecated, use "metadata.stan_vars_cols" instead.
WARNING:cmdstanpy:Property "stan_vars_cols" has been deprecated, use "metadata.stan_vars_cols" instead.
WARNING:cmdstanpy:Property "stan_vars_cols" has been deprecated, use "metadata.stan_vars_cols" instead.
WARNING:cmdstanpy:Property "stan_vars_cols" has been deprecated, use "metadata.stan_vars_cols" instead.
WARNING:cmdstanpy:Property "stan_vars_cols" has been deprecated, use "metadata.stan_vars_cols" instead.
WARNING:cmdstanpy:Property "stan_vars_cols" has been deprecated, use "metadata.stan_vars_cols" instead.
WARNING:cmdstanpy:Property "stan_vars_cols" has been deprecated, use "metadata.stan_vars_cols" instead.
WARNING:cmdstanpy:Property "stan_vars_cols" has been deprecated, use "metadata.stan_vars_cols" instead.
WARNING:cmdstanpy:Property "stan_vars_cols" has been deprecated, use "metadata.stan_vars_cols" instead.
WARNING:cmdstanpy:Property "stan_vars_cols" has been deprecated, use "metadata.stan_vars_cols" instead.
WARNING:cmdstanpy:Property "stan_vars_cols" has been deprecated, use "metadata.stan_vars_cols" instead.
WARNING:cmdstanpy:Property "stan_vars_cols" has been deprecated, use "metadata.stan_vars_cols" instead.
WARNING:cmdstanpy:Property "stan_vars_cols" has been deprecated, use "metadata.stan_vars_cols" instead.
WARNING:cmdstanpy:Property "stan_vars_cols" has been deprecated, use "metadata.stan_vars_cols" instead.
WARNING:cmdstanpy:Property "stan_vars_cols" has been deprecated, use "metadata.stan_vars_cols" instead.
WARNING:cmdstanpy:Property "stan_vars_cols" has been deprecated, use "metadata.stan_vars_cols" instead.
WARNING:cmdstanpy:Property "stan_vars_cols" has been deprecated, use "metadata.stan_vars_cols" instead.
WARNING:cmdstanpy:Property "stan_vars_cols" has been deprecated, use "metadata.stan_vars_cols" instead.
WARNING:cmdstanpy:Property "stan_vars_cols" has been deprecated, use "metadata.stan_vars_cols" instead.
WARNING:cmdstanpy:Property "sampler_vars_cols" has been deprecated, use "metadata.method_vars_cols" instead.
WARNING:cmdstanpy:Property "sampler_vars_cols" has been deprecated, use "metadata.method_vars_cols" instead.
WARNING:cmdstanpy:Property "stan_vars_cols" has been deprecated, use "metadata.stan_vars_cols" instead.
WARNING:cmdstanpy:Property "sampler_vars_cols" has been deprecated, use "metadata.method_vars_cols" instead.
WARNING:cmdstanpy:Property "sampler_vars_cols" has been deprecated, use "metadata.method_vars_cols" instead.
WARNING:cmdstanpy:Property "stan_vars_cols" has been deprecated, use "metadata.stan_vars_cols" instead.
WARNING:cmdstanpy:Property "sampler_vars_cols" has been deprecated, use "metadata.method_vars_cols" instead.
WARNING:cmdstanpy:Property "sampler_vars_cols" has been deprecated, use "metadata.method_vars_cols" instead.
WARNING:cmdstanpy:Property "stan_vars_cols" has been deprecated, use "metadata.stan_vars_cols" instead.
WARNING:cmdstanpy:Property "sampler_vars_cols" has been deprecated, use "metadata.method_vars_cols" instead.
WARNING:cmdstanpy:Property "sampler_vars_cols" has been deprecated, use "metadata.method_vars_cols" instead.
WARNING:cmdstanpy:Property "stan_vars_cols" has been deprecated, use "metadata.stan_vars_cols" instead.
WARNING:cmdstanpy:Property "sampler_vars_cols" has been deprecated, use "metadata.method_vars_cols" instead.
WARNING:cmdstanpy:Property "sampler_vars_cols" has been deprecated, use "metadata.method_vars_cols" instead.
WARNING:cmdstanpy:Property "stan_vars_cols" has been deprecated, use "metadata.stan_vars_cols" instead.
WARNING:cmdstanpy:Property "sampler_vars_cols" has been deprecated, use "metadata.method_vars_cols" instead.
WARNING:cmdstanpy:Property "sampler_vars_cols" has been deprecated, use "metadata.method_vars_cols" instead.
WARNING:cmdstanpy:Property "stan_vars_cols" has been deprecated, use "metadata.stan_vars_cols" instead.
WARNING:cmdstanpy:Property "sampler_vars_cols" has been deprecated, use "metadata.method_vars_cols" instead.
WARNING:cmdstanpy:Property "sampler_vars_cols" has been deprecated, use "metadata.method_vars_cols" instead.
WARNING:cmdstanpy:Property "stan_vars_cols" has been deprecated, use "metadata.stan_vars_cols" instead.
WARNING:cmdstanpy:Property "sampler_vars_cols" has been deprecated, use "metadata.method_vars_cols" instead.
WARNING:cmdstanpy:Property "sampler_vars_cols" has been deprecated, use "metadata.method_vars_cols" instead.
WARNING:cmdstanpy:Property "stan_vars_cols" has been deprecated, use "metadata.stan_vars_cols" instead.
WARNING:cmdstanpy:Property "stan_vars_cols" has been deprecated, use "metadata.stan_vars_cols" instead.
WARNING:cmdstanpy:Property "stan_vars_cols" has been deprecated, use "metadata.stan_vars_cols" instead.
WARNING:cmdstanpy:Property "stan_vars_cols" has been deprecated, use "metadata.stan_vars_cols" instead.
WARNING:cmdstanpy:Property "stan_vars_cols" has been deprecated, use "metadata.stan_vars_cols" instead.
WARNING:cmdstanpy:Property "stan_vars_cols" has been deprecated, use "metadata.stan_vars_cols" instead.
INFO:cmdstanpy:found newer exe file, not recompiling
INFO:cmdstanpy:compiled model file: /mnt/ceph/users/djin/git/q2-differential/q2_differential/assets/disease_single
INFO:cmdstanpy:start chain 1
INFO:cmdstanpy:start chain 2
INFO:cmdstanpy:start chain 3
INFO:cmdstanpy:start chain 4
INFO:cmdstanpy:finish chain 1
INFO:cmdstanpy:finish chain 4
INFO:cmdstanpy:finish chain 2
INFO:cmdstanpy:finish chain 3
WARNING:cmdstanpy:Property "stan_vars_cols" has been deprecated, use "metadata.stan_vars_cols" instead.
WARNING:cmdstanpy:Property "stan_vars_cols" has been deprecated, use "metadata.stan_vars_cols" instead.
WARNING:cmdstanpy:Property "stan_vars_cols" has been deprecated, use "metadata.stan_vars_cols" instead.
WARNING:cmdstanpy:Property "stan_vars_cols" has been deprecated, use "metadata.stan_vars_cols" instead.
WARNING:cmdstanpy:Property "stan_vars_cols" has been deprecated, use "metadata.stan_vars_cols" instead.
WARNING:cmdstanpy:Property "stan_vars_cols" has been deprecated, use "metadata.stan_vars_cols" instead.
WARNING:cmdstanpy:Property "stan_vars_cols" has been deprecated, use "metadata.stan_vars_cols" instead.
WARNING:cmdstanpy:Property "stan_vars_cols" has been deprecated, use "metadata.stan_vars_cols" instead.
WARNING:cmdstanpy:Property "stan_vars_cols" has been deprecated, use "metadata.stan_vars_cols" instead.
WARNING:cmdstanpy:Property "stan_vars_cols" has been deprecated, use "metadata.stan_vars_cols" instead.
WARNING:cmdstanpy:Property "stan_vars_cols" has been deprecated, use "metadata.stan_vars_cols" instead.
WARNING:cmdstanpy:Property "stan_vars_cols" has been deprecated, use "metadata.stan_vars_cols" instead.
WARNING:cmdstanpy:Property "stan_vars_cols" has been deprecated, use "metadata.stan_vars_cols" instead.
WARNING:cmdstanpy:Property "stan_vars_cols" has been deprecated, use "metadata.stan_vars_cols" instead.
WARNING:cmdstanpy:Property "stan_vars_cols" has been deprecated, use "metadata.stan_vars_cols" instead.
WARNING:cmdstanpy:Property "stan_vars_cols" has been deprecated, use "metadata.stan_vars_cols" instead.
WARNING:cmdstanpy:Property "stan_vars_cols" has been deprecated, use "metadata.stan_vars_cols" instead.
WARNING:cmdstanpy:Property "stan_vars_cols" has been deprecated, use "metadata.stan_vars_cols" instead.
WARNING:cmdstanpy:Property "stan_vars_cols" has been deprecated, use "metadata.stan_vars_cols" instead.
WARNING:cmdstanpy:Property "stan_vars_cols" has been deprecated, use "metadata.stan_vars_cols" instead.
WARNING:cmdstanpy:Property "stan_vars_cols" has been deprecated, use "metadata.stan_vars_cols" instead.
WARNING:cmdstanpy:Property "stan_vars_cols" has been deprecated, use "metadata.stan_vars_cols" instead.
WARNING:cmdstanpy:Property "stan_vars_cols" has been deprecated, use "metadata.stan_vars_cols" instead.
WARNING:cmdstanpy:Property "stan_vars_cols" has been deprecated, use "metadata.stan_vars_cols" instead.
WARNING:cmdstanpy:Property "stan_vars_cols" has been deprecated, use "metadata.stan_vars_cols" instead.
WARNING:cmdstanpy:Property "stan_vars_cols" has been deprecated, use "metadata.stan_vars_cols" instead.
WARNING:cmdstanpy:Property "stan_vars_cols" has been deprecated, use "metadata.stan_vars_cols" instead.
WARNING:cmdstanpy:Property "stan_vars_cols" has been deprecated, use "metadata.stan_vars_cols" instead.
WARNING:cmdstanpy:Property "stan_vars_cols" has been deprecated, use "metadata.stan_vars_cols" instead.
WARNING:cmdstanpy:Property "stan_vars_cols" has been deprecated, use "metadata.stan_vars_cols" instead.
WARNING:cmdstanpy:Property "stan_vars_cols" has been deprecated, use "metadata.stan_vars_cols" instead.
WARNING:cmdstanpy:Property "stan_vars_cols" has been deprecated, use "metadata.stan_vars_cols" instead.
WARNING:cmdstanpy:Property "stan_vars_cols" has been deprecated, use "metadata.stan_vars_cols" instead.
WARNING:cmdstanpy:Property "stan_vars_cols" has been deprecated, use "metadata.stan_vars_cols" instead.
WARNING:cmdstanpy:Property "stan_vars_cols" has been deprecated, use "metadata.stan_vars_cols" instead.
WARNING:cmdstanpy:Property "stan_vars_cols" has been deprecated, use "metadata.stan_vars_cols" instead.
WARNING:cmdstanpy:Property "stan_vars_cols" has been deprecated, use "metadata.stan_vars_cols" instead.
WARNING:cmdstanpy:Property "stan_vars_cols" has been deprecated, use "metadata.stan_vars_cols" instead.
WARNING:cmdstanpy:Property "stan_vars_cols" has been deprecated, use "metadata.stan_vars_cols" instead.
WARNING:cmdstanpy:Property "sampler_vars_cols" has been deprecated, use "metadata.method_vars_cols" instead.
WARNING:cmdstanpy:Property "sampler_vars_cols" has been deprecated, use "metadata.method_vars_cols" instead.
WARNING:cmdstanpy:Property "stan_vars_cols" has been deprecated, use "metadata.stan_vars_cols" instead.
WARNING:cmdstanpy:Property "sampler_vars_cols" has been deprecated, use "metadata.method_vars_cols" instead.
WARNING:cmdstanpy:Property "sampler_vars_cols" has been deprecated, use "metadata.method_vars_cols" instead.
WARNING:cmdstanpy:Property "stan_vars_cols" has been deprecated, use "metadata.stan_vars_cols" instead.
WARNING:cmdstanpy:Property "sampler_vars_cols" has been deprecated, use "metadata.method_vars_cols" instead.
WARNING:cmdstanpy:Property "sampler_vars_cols" has been deprecated, use "metadata.method_vars_cols" instead.
WARNING:cmdstanpy:Property "stan_vars_cols" has been deprecated, use "metadata.stan_vars_cols" instead.
WARNING:cmdstanpy:Property "sampler_vars_cols" has been deprecated, use "metadata.method_vars_cols" instead.
WARNING:cmdstanpy:Property "sampler_vars_cols" has been deprecated, use "metadata.method_vars_cols" instead.
WARNING:cmdstanpy:Property "stan_vars_cols" has been deprecated, use "metadata.stan_vars_cols" instead.
WARNING:cmdstanpy:Property "sampler_vars_cols" has been deprecated, use "metadata.method_vars_cols" instead.
WARNING:cmdstanpy:Property "sampler_vars_cols" has been deprecated, use "metadata.method_vars_cols" instead.
WARNING:cmdstanpy:Property "stan_vars_cols" has been deprecated, use "metadata.stan_vars_cols" instead.
WARNING:cmdstanpy:Property "sampler_vars_cols" has been deprecated, use "metadata.method_vars_cols" instead.
WARNING:cmdstanpy:Property "sampler_vars_cols" has been deprecated, use "metadata.method_vars_cols" instead.
WARNING:cmdstanpy:Property "stan_vars_cols" has been deprecated, use "metadata.stan_vars_cols" instead.
WARNING:cmdstanpy:Property "sampler_vars_cols" has been deprecated, use "metadata.method_vars_cols" instead.
WARNING:cmdstanpy:Property "sampler_vars_cols" has been deprecated, use "metadata.method_vars_cols" instead.
WARNING:cmdstanpy:Property "stan_vars_cols" has been deprecated, use "metadata.stan_vars_cols" instead.
WARNING:cmdstanpy:Property "sampler_vars_cols" has been deprecated, use "metadata.method_vars_cols" instead.
WARNING:cmdstanpy:Property "sampler_vars_cols" has been deprecated, use "metadata.method_vars_cols" instead.
WARNING:cmdstanpy:Property "stan_vars_cols" has been deprecated, use "metadata.stan_vars_cols" instead.
WARNING:cmdstanpy:Property "stan_vars_cols" has been deprecated, use "metadata.stan_vars_cols" instead.
WARNING:cmdstanpy:Property "stan_vars_cols" has been deprecated, use "metadata.stan_vars_cols" instead.
WARNING:cmdstanpy:Property "stan_vars_cols" has been deprecated, use "metadata.stan_vars_cols" instead.
WARNING:cmdstanpy:Property "stan_vars_cols" has been deprecated, use "metadata.stan_vars_cols" instead.
WARNING:cmdstanpy:Property "stan_vars_cols" has been deprecated, use "metadata.stan_vars_cols" instead.
INFO:cmdstanpy:found newer exe file, not recompiling
INFO:cmdstanpy:compiled model file: /mnt/ceph/users/djin/git/q2-differential/q2_differential/assets/disease_single
INFO:cmdstanpy:start chain 1
INFO:cmdstanpy:start chain 2
INFO:cmdstanpy:start chain 3
INFO:cmdstanpy:start chain 4
INFO:cmdstanpy:finish chain 1
INFO:cmdstanpy:finish chain 2
INFO:cmdstanpy:finish chain 4
INFO:cmdstanpy:finish chain 3
WARNING:cmdstanpy:Property "stan_vars_cols" has been deprecated, use "metadata.stan_vars_cols" instead.
WARNING:cmdstanpy:Property "stan_vars_cols" has been deprecated, use "metadata.stan_vars_cols" instead.
WARNING:cmdstanpy:Property "stan_vars_cols" has been deprecated, use "metadata.stan_vars_cols" instead.
WARNING:cmdstanpy:Property "stan_vars_cols" has been deprecated, use "metadata.stan_vars_cols" instead.
WARNING:cmdstanpy:Property "stan_vars_cols" has been deprecated, use "metadata.stan_vars_cols" instead.
WARNING:cmdstanpy:Property "stan_vars_cols" has been deprecated, use "metadata.stan_vars_cols" instead.
WARNING:cmdstanpy:Property "stan_vars_cols" has been deprecated, use "metadata.stan_vars_cols" instead.
WARNING:cmdstanpy:Property "stan_vars_cols" has been deprecated, use "metadata.stan_vars_cols" instead.
WARNING:cmdstanpy:Property "stan_vars_cols" has been deprecated, use "metadata.stan_vars_cols" instead.
WARNING:cmdstanpy:Property "stan_vars_cols" has been deprecated, use "metadata.stan_vars_cols" instead.
WARNING:cmdstanpy:Property "stan_vars_cols" has been deprecated, use "metadata.stan_vars_cols" instead.
WARNING:cmdstanpy:Property "stan_vars_cols" has been deprecated, use "metadata.stan_vars_cols" instead.
WARNING:cmdstanpy:Property "stan_vars_cols" has been deprecated, use "metadata.stan_vars_cols" instead.
WARNING:cmdstanpy:Property "stan_vars_cols" has been deprecated, use "metadata.stan_vars_cols" instead.
WARNING:cmdstanpy:Property "stan_vars_cols" has been deprecated, use "metadata.stan_vars_cols" instead.
WARNING:cmdstanpy:Property "stan_vars_cols" has been deprecated, use "metadata.stan_vars_cols" instead.
WARNING:cmdstanpy:Property "stan_vars_cols" has been deprecated, use "metadata.stan_vars_cols" instead.
WARNING:cmdstanpy:Property "stan_vars_cols" has been deprecated, use "metadata.stan_vars_cols" instead.
WARNING:cmdstanpy:Property "stan_vars_cols" has been deprecated, use "metadata.stan_vars_cols" instead.
WARNING:cmdstanpy:Property "stan_vars_cols" has been deprecated, use "metadata.stan_vars_cols" instead.
WARNING:cmdstanpy:Property "stan_vars_cols" has been deprecated, use "metadata.stan_vars_cols" instead.
WARNING:cmdstanpy:Property "stan_vars_cols" has been deprecated, use "metadata.stan_vars_cols" instead.
WARNING:cmdstanpy:Property "stan_vars_cols" has been deprecated, use "metadata.stan_vars_cols" instead.
WARNING:cmdstanpy:Property "stan_vars_cols" has been deprecated, use "metadata.stan_vars_cols" instead.
WARNING:cmdstanpy:Property "stan_vars_cols" has been deprecated, use "metadata.stan_vars_cols" instead.
WARNING:cmdstanpy:Property "stan_vars_cols" has been deprecated, use "metadata.stan_vars_cols" instead.
WARNING:cmdstanpy:Property "stan_vars_cols" has been deprecated, use "metadata.stan_vars_cols" instead.
WARNING:cmdstanpy:Property "stan_vars_cols" has been deprecated, use "metadata.stan_vars_cols" instead.
WARNING:cmdstanpy:Property "stan_vars_cols" has been deprecated, use "metadata.stan_vars_cols" instead.
WARNING:cmdstanpy:Property "stan_vars_cols" has been deprecated, use "metadata.stan_vars_cols" instead.
WARNING:cmdstanpy:Property "stan_vars_cols" has been deprecated, use "metadata.stan_vars_cols" instead.
WARNING:cmdstanpy:Property "stan_vars_cols" has been deprecated, use "metadata.stan_vars_cols" instead.
WARNING:cmdstanpy:Property "stan_vars_cols" has been deprecated, use "metadata.stan_vars_cols" instead.
WARNING:cmdstanpy:Property "stan_vars_cols" has been deprecated, use "metadata.stan_vars_cols" instead.
WARNING:cmdstanpy:Property "stan_vars_cols" has been deprecated, use "metadata.stan_vars_cols" instead.
WARNING:cmdstanpy:Property "stan_vars_cols" has been deprecated, use "metadata.stan_vars_cols" instead.
WARNING:cmdstanpy:Property "stan_vars_cols" has been deprecated, use "metadata.stan_vars_cols" instead.
WARNING:cmdstanpy:Property "stan_vars_cols" has been deprecated, use "metadata.stan_vars_cols" instead.
WARNING:cmdstanpy:Property "stan_vars_cols" has been deprecated, use "metadata.stan_vars_cols" instead.
WARNING:cmdstanpy:Property "sampler_vars_cols" has been deprecated, use "metadata.method_vars_cols" instead.
WARNING:cmdstanpy:Property "sampler_vars_cols" has been deprecated, use "metadata.method_vars_cols" instead.
WARNING:cmdstanpy:Property "stan_vars_cols" has been deprecated, use "metadata.stan_vars_cols" instead.
WARNING:cmdstanpy:Property "sampler_vars_cols" has been deprecated, use "metadata.method_vars_cols" instead.
WARNING:cmdstanpy:Property "sampler_vars_cols" has been deprecated, use "metadata.method_vars_cols" instead.
WARNING:cmdstanpy:Property "stan_vars_cols" has been deprecated, use "metadata.stan_vars_cols" instead.
WARNING:cmdstanpy:Property "sampler_vars_cols" has been deprecated, use "metadata.method_vars_cols" instead.
WARNING:cmdstanpy:Property "sampler_vars_cols" has been deprecated, use "metadata.method_vars_cols" instead.
WARNING:cmdstanpy:Property "stan_vars_cols" has been deprecated, use "metadata.stan_vars_cols" instead.
WARNING:cmdstanpy:Property "sampler_vars_cols" has been deprecated, use "metadata.method_vars_cols" instead.
WARNING:cmdstanpy:Property "sampler_vars_cols" has been deprecated, use "metadata.method_vars_cols" instead.
WARNING:cmdstanpy:Property "stan_vars_cols" has been deprecated, use "metadata.stan_vars_cols" instead.
WARNING:cmdstanpy:Property "sampler_vars_cols" has been deprecated, use "metadata.method_vars_cols" instead.
WARNING:cmdstanpy:Property "sampler_vars_cols" has been deprecated, use "metadata.method_vars_cols" instead.
WARNING:cmdstanpy:Property "stan_vars_cols" has been deprecated, use "metadata.stan_vars_cols" instead.
WARNING:cmdstanpy:Property "sampler_vars_cols" has been deprecated, use "metadata.method_vars_cols" instead.
WARNING:cmdstanpy:Property "sampler_vars_cols" has been deprecated, use "metadata.method_vars_cols" instead.
WARNING:cmdstanpy:Property "stan_vars_cols" has been deprecated, use "metadata.stan_vars_cols" instead.
WARNING:cmdstanpy:Property "sampler_vars_cols" has been deprecated, use "metadata.method_vars_cols" instead.
WARNING:cmdstanpy:Property "sampler_vars_cols" has been deprecated, use "metadata.method_vars_cols" instead.
WARNING:cmdstanpy:Property "stan_vars_cols" has been deprecated, use "metadata.stan_vars_cols" instead.
WARNING:cmdstanpy:Property "sampler_vars_cols" has been deprecated, use "metadata.method_vars_cols" instead.
WARNING:cmdstanpy:Property "sampler_vars_cols" has been deprecated, use "metadata.method_vars_cols" instead.
WARNING:cmdstanpy:Property "stan_vars_cols" has been deprecated, use "metadata.stan_vars_cols" instead.
WARNING:cmdstanpy:Property "stan_vars_cols" has been deprecated, use "metadata.stan_vars_cols" instead.
WARNING:cmdstanpy:Property "stan_vars_cols" has been deprecated, use "metadata.stan_vars_cols" instead.
WARNING:cmdstanpy:Property "stan_vars_cols" has been deprecated, use "metadata.stan_vars_cols" instead.
WARNING:cmdstanpy:Property "stan_vars_cols" has been deprecated, use "metadata.stan_vars_cols" instead.
WARNING:cmdstanpy:Property "stan_vars_cols" has been deprecated, use "metadata.stan_vars_cols" instead.
INFO:cmdstanpy:found newer exe file, not recompiling
INFO:cmdstanpy:compiled model file: /mnt/ceph/users/djin/git/q2-differential/q2_differential/assets/disease_single
INFO:cmdstanpy:start chain 1
INFO:cmdstanpy:start chain 2
INFO:cmdstanpy:start chain 3
INFO:cmdstanpy:start chain 4
INFO:cmdstanpy:finish chain 1
INFO:cmdstanpy:finish chain 2
INFO:cmdstanpy:finish chain 3
INFO:cmdstanpy:finish chain 4
WARNING:cmdstanpy:Property "stan_vars_cols" has been deprecated, use "metadata.stan_vars_cols" instead.
WARNING:cmdstanpy:Property "stan_vars_cols" has been deprecated, use "metadata.stan_vars_cols" instead.
WARNING:cmdstanpy:Property "stan_vars_cols" has been deprecated, use "metadata.stan_vars_cols" instead.
WARNING:cmdstanpy:Property "stan_vars_cols" has been deprecated, use "metadata.stan_vars_cols" instead.
WARNING:cmdstanpy:Property "stan_vars_cols" has been deprecated, use "metadata.stan_vars_cols" instead.
WARNING:cmdstanpy:Property "stan_vars_cols" has been deprecated, use "metadata.stan_vars_cols" instead.
WARNING:cmdstanpy:Property "stan_vars_cols" has been deprecated, use "metadata.stan_vars_cols" instead.
WARNING:cmdstanpy:Property "stan_vars_cols" has been deprecated, use "metadata.stan_vars_cols" instead.
WARNING:cmdstanpy:Property "stan_vars_cols" has been deprecated, use "metadata.stan_vars_cols" instead.
WARNING:cmdstanpy:Property "stan_vars_cols" has been deprecated, use "metadata.stan_vars_cols" instead.
WARNING:cmdstanpy:Property "stan_vars_cols" has been deprecated, use "metadata.stan_vars_cols" instead.
WARNING:cmdstanpy:Property "stan_vars_cols" has been deprecated, use "metadata.stan_vars_cols" instead.
WARNING:cmdstanpy:Property "stan_vars_cols" has been deprecated, use "metadata.stan_vars_cols" instead.
WARNING:cmdstanpy:Property "stan_vars_cols" has been deprecated, use "metadata.stan_vars_cols" instead.
WARNING:cmdstanpy:Property "stan_vars_cols" has been deprecated, use "metadata.stan_vars_cols" instead.
WARNING:cmdstanpy:Property "stan_vars_cols" has been deprecated, use "metadata.stan_vars_cols" instead.
WARNING:cmdstanpy:Property "stan_vars_cols" has been deprecated, use "metadata.stan_vars_cols" instead.
WARNING:cmdstanpy:Property "stan_vars_cols" has been deprecated, use "metadata.stan_vars_cols" instead.
WARNING:cmdstanpy:Property "stan_vars_cols" has been deprecated, use "metadata.stan_vars_cols" instead.
WARNING:cmdstanpy:Property "stan_vars_cols" has been deprecated, use "metadata.stan_vars_cols" instead.
WARNING:cmdstanpy:Property "stan_vars_cols" has been deprecated, use "metadata.stan_vars_cols" instead.
WARNING:cmdstanpy:Property "stan_vars_cols" has been deprecated, use "metadata.stan_vars_cols" instead.
WARNING:cmdstanpy:Property "stan_vars_cols" has been deprecated, use "metadata.stan_vars_cols" instead.
WARNING:cmdstanpy:Property "stan_vars_cols" has been deprecated, use "metadata.stan_vars_cols" instead.
WARNING:cmdstanpy:Property "stan_vars_cols" has been deprecated, use "metadata.stan_vars_cols" instead.
WARNING:cmdstanpy:Property "stan_vars_cols" has been deprecated, use "metadata.stan_vars_cols" instead.
WARNING:cmdstanpy:Property "stan_vars_cols" has been deprecated, use "metadata.stan_vars_cols" instead.
WARNING:cmdstanpy:Property "stan_vars_cols" has been deprecated, use "metadata.stan_vars_cols" instead.
WARNING:cmdstanpy:Property "stan_vars_cols" has been deprecated, use "metadata.stan_vars_cols" instead.
WARNING:cmdstanpy:Property "stan_vars_cols" has been deprecated, use "metadata.stan_vars_cols" instead.
WARNING:cmdstanpy:Property "stan_vars_cols" has been deprecated, use "metadata.stan_vars_cols" instead.
WARNING:cmdstanpy:Property "stan_vars_cols" has been deprecated, use "metadata.stan_vars_cols" instead.
WARNING:cmdstanpy:Property "stan_vars_cols" has been deprecated, use "metadata.stan_vars_cols" instead.
WARNING:cmdstanpy:Property "stan_vars_cols" has been deprecated, use "metadata.stan_vars_cols" instead.
WARNING:cmdstanpy:Property "stan_vars_cols" has been deprecated, use "metadata.stan_vars_cols" instead.
WARNING:cmdstanpy:Property "stan_vars_cols" has been deprecated, use "metadata.stan_vars_cols" instead.
WARNING:cmdstanpy:Property "stan_vars_cols" has been deprecated, use "metadata.stan_vars_cols" instead.
WARNING:cmdstanpy:Property "stan_vars_cols" has been deprecated, use "metadata.stan_vars_cols" instead.
WARNING:cmdstanpy:Property "stan_vars_cols" has been deprecated, use "metadata.stan_vars_cols" instead.
WARNING:cmdstanpy:Property "sampler_vars_cols" has been deprecated, use "metadata.method_vars_cols" instead.
WARNING:cmdstanpy:Property "sampler_vars_cols" has been deprecated, use "metadata.method_vars_cols" instead.
WARNING:cmdstanpy:Property "stan_vars_cols" has been deprecated, use "metadata.stan_vars_cols" instead.
WARNING:cmdstanpy:Property "sampler_vars_cols" has been deprecated, use "metadata.method_vars_cols" instead.
WARNING:cmdstanpy:Property "sampler_vars_cols" has been deprecated, use "metadata.method_vars_cols" instead.
WARNING:cmdstanpy:Property "stan_vars_cols" has been deprecated, use "metadata.stan_vars_cols" instead.
WARNING:cmdstanpy:Property "sampler_vars_cols" has been deprecated, use "metadata.method_vars_cols" instead.
WARNING:cmdstanpy:Property "sampler_vars_cols" has been deprecated, use "metadata.method_vars_cols" instead.
WARNING:cmdstanpy:Property "stan_vars_cols" has been deprecated, use "metadata.stan_vars_cols" instead.
WARNING:cmdstanpy:Property "sampler_vars_cols" has been deprecated, use "metadata.method_vars_cols" instead.
WARNING:cmdstanpy:Property "sampler_vars_cols" has been deprecated, use "metadata.method_vars_cols" instead.
WARNING:cmdstanpy:Property "stan_vars_cols" has been deprecated, use "metadata.stan_vars_cols" instead.
WARNING:cmdstanpy:Property "sampler_vars_cols" has been deprecated, use "metadata.method_vars_cols" instead.
WARNING:cmdstanpy:Property "sampler_vars_cols" has been deprecated, use "metadata.method_vars_cols" instead.
WARNING:cmdstanpy:Property "stan_vars_cols" has been deprecated, use "metadata.stan_vars_cols" instead.
WARNING:cmdstanpy:Property "sampler_vars_cols" has been deprecated, use "metadata.method_vars_cols" instead.
WARNING:cmdstanpy:Property "sampler_vars_cols" has been deprecated, use "metadata.method_vars_cols" instead.
WARNING:cmdstanpy:Property "stan_vars_cols" has been deprecated, use "metadata.stan_vars_cols" instead.
WARNING:cmdstanpy:Property "sampler_vars_cols" has been deprecated, use "metadata.method_vars_cols" instead.
WARNING:cmdstanpy:Property "sampler_vars_cols" has been deprecated, use "metadata.method_vars_cols" instead.
WARNING:cmdstanpy:Property "stan_vars_cols" has been deprecated, use "metadata.stan_vars_cols" instead.
WARNING:cmdstanpy:Property "sampler_vars_cols" has been deprecated, use "metadata.method_vars_cols" instead.
WARNING:cmdstanpy:Property "sampler_vars_cols" has been deprecated, use "metadata.method_vars_cols" instead.
WARNING:cmdstanpy:Property "stan_vars_cols" has been deprecated, use "metadata.stan_vars_cols" instead.
WARNING:cmdstanpy:Property "stan_vars_cols" has been deprecated, use "metadata.stan_vars_cols" instead.
WARNING:cmdstanpy:Property "stan_vars_cols" has been deprecated, use "metadata.stan_vars_cols" instead.
WARNING:cmdstanpy:Property "stan_vars_cols" has been deprecated, use "metadata.stan_vars_cols" instead.
WARNING:cmdstanpy:Property "stan_vars_cols" has been deprecated, use "metadata.stan_vars_cols" instead.
WARNING:cmdstanpy:Property "stan_vars_cols" has been deprecated, use "metadata.stan_vars_cols" instead.
INFO:cmdstanpy:found newer exe file, not recompiling
INFO:cmdstanpy:compiled model file: /mnt/ceph/users/djin/git/q2-differential/q2_differential/assets/disease_single
INFO:cmdstanpy:start chain 1
INFO:cmdstanpy:start chain 2
INFO:cmdstanpy:start chain 3
INFO:cmdstanpy:start chain 4
INFO:cmdstanpy:finish chain 2
INFO:cmdstanpy:finish chain 1
INFO:cmdstanpy:finish chain 4
INFO:cmdstanpy:finish chain 3
WARNING:cmdstanpy:Property "stan_vars_cols" has been deprecated, use "metadata.stan_vars_cols" instead.
WARNING:cmdstanpy:Property "stan_vars_cols" has been deprecated, use "metadata.stan_vars_cols" instead.
WARNING:cmdstanpy:Property "stan_vars_cols" has been deprecated, use "metadata.stan_vars_cols" instead.
WARNING:cmdstanpy:Property "stan_vars_cols" has been deprecated, use "metadata.stan_vars_cols" instead.
WARNING:cmdstanpy:Property "stan_vars_cols" has been deprecated, use "metadata.stan_vars_cols" instead.
WARNING:cmdstanpy:Property "stan_vars_cols" has been deprecated, use "metadata.stan_vars_cols" instead.
WARNING:cmdstanpy:Property "stan_vars_cols" has been deprecated, use "metadata.stan_vars_cols" instead.
WARNING:cmdstanpy:Property "stan_vars_cols" has been deprecated, use "metadata.stan_vars_cols" instead.
WARNING:cmdstanpy:Property "stan_vars_cols" has been deprecated, use "metadata.stan_vars_cols" instead.
WARNING:cmdstanpy:Property "stan_vars_cols" has been deprecated, use "metadata.stan_vars_cols" instead.
WARNING:cmdstanpy:Property "stan_vars_cols" has been deprecated, use "metadata.stan_vars_cols" instead.
WARNING:cmdstanpy:Property "stan_vars_cols" has been deprecated, use "metadata.stan_vars_cols" instead.
WARNING:cmdstanpy:Property "stan_vars_cols" has been deprecated, use "metadata.stan_vars_cols" instead.
WARNING:cmdstanpy:Property "stan_vars_cols" has been deprecated, use "metadata.stan_vars_cols" instead.
WARNING:cmdstanpy:Property "stan_vars_cols" has been deprecated, use "metadata.stan_vars_cols" instead.
WARNING:cmdstanpy:Property "stan_vars_cols" has been deprecated, use "metadata.stan_vars_cols" instead.
WARNING:cmdstanpy:Property "stan_vars_cols" has been deprecated, use "metadata.stan_vars_cols" instead.
WARNING:cmdstanpy:Property "stan_vars_cols" has been deprecated, use "metadata.stan_vars_cols" instead.
WARNING:cmdstanpy:Property "stan_vars_cols" has been deprecated, use "metadata.stan_vars_cols" instead.
WARNING:cmdstanpy:Property "stan_vars_cols" has been deprecated, use "metadata.stan_vars_cols" instead.
WARNING:cmdstanpy:Property "stan_vars_cols" has been deprecated, use "metadata.stan_vars_cols" instead.
WARNING:cmdstanpy:Property "stan_vars_cols" has been deprecated, use "metadata.stan_vars_cols" instead.
WARNING:cmdstanpy:Property "stan_vars_cols" has been deprecated, use "metadata.stan_vars_cols" instead.
WARNING:cmdstanpy:Property "stan_vars_cols" has been deprecated, use "metadata.stan_vars_cols" instead.
WARNING:cmdstanpy:Property "stan_vars_cols" has been deprecated, use "metadata.stan_vars_cols" instead.
WARNING:cmdstanpy:Property "stan_vars_cols" has been deprecated, use "metadata.stan_vars_cols" instead.
WARNING:cmdstanpy:Property "stan_vars_cols" has been deprecated, use "metadata.stan_vars_cols" instead.
WARNING:cmdstanpy:Property "stan_vars_cols" has been deprecated, use "metadata.stan_vars_cols" instead.
WARNING:cmdstanpy:Property "stan_vars_cols" has been deprecated, use "metadata.stan_vars_cols" instead.
WARNING:cmdstanpy:Property "stan_vars_cols" has been deprecated, use "metadata.stan_vars_cols" instead.
WARNING:cmdstanpy:Property "stan_vars_cols" has been deprecated, use "metadata.stan_vars_cols" instead.
WARNING:cmdstanpy:Property "stan_vars_cols" has been deprecated, use "metadata.stan_vars_cols" instead.
WARNING:cmdstanpy:Property "stan_vars_cols" has been deprecated, use "metadata.stan_vars_cols" instead.
WARNING:cmdstanpy:Property "stan_vars_cols" has been deprecated, use "metadata.stan_vars_cols" instead.
WARNING:cmdstanpy:Property "stan_vars_cols" has been deprecated, use "metadata.stan_vars_cols" instead.
WARNING:cmdstanpy:Property "stan_vars_cols" has been deprecated, use "metadata.stan_vars_cols" instead.
WARNING:cmdstanpy:Property "stan_vars_cols" has been deprecated, use "metadata.stan_vars_cols" instead.
WARNING:cmdstanpy:Property "stan_vars_cols" has been deprecated, use "metadata.stan_vars_cols" instead.
WARNING:cmdstanpy:Property "stan_vars_cols" has been deprecated, use "metadata.stan_vars_cols" instead.
WARNING:cmdstanpy:Property "sampler_vars_cols" has been deprecated, use "metadata.method_vars_cols" instead.
WARNING:cmdstanpy:Property "sampler_vars_cols" has been deprecated, use "metadata.method_vars_cols" instead.
WARNING:cmdstanpy:Property "stan_vars_cols" has been deprecated, use "metadata.stan_vars_cols" instead.
WARNING:cmdstanpy:Property "sampler_vars_cols" has been deprecated, use "metadata.method_vars_cols" instead.
WARNING:cmdstanpy:Property "sampler_vars_cols" has been deprecated, use "metadata.method_vars_cols" instead.
WARNING:cmdstanpy:Property "stan_vars_cols" has been deprecated, use "metadata.stan_vars_cols" instead.
WARNING:cmdstanpy:Property "sampler_vars_cols" has been deprecated, use "metadata.method_vars_cols" instead.
WARNING:cmdstanpy:Property "sampler_vars_cols" has been deprecated, use "metadata.method_vars_cols" instead.
WARNING:cmdstanpy:Property "stan_vars_cols" has been deprecated, use "metadata.stan_vars_cols" instead.
WARNING:cmdstanpy:Property "sampler_vars_cols" has been deprecated, use "metadata.method_vars_cols" instead.
WARNING:cmdstanpy:Property "sampler_vars_cols" has been deprecated, use "metadata.method_vars_cols" instead.
WARNING:cmdstanpy:Property "stan_vars_cols" has been deprecated, use "metadata.stan_vars_cols" instead.
WARNING:cmdstanpy:Property "sampler_vars_cols" has been deprecated, use "metadata.method_vars_cols" instead.
WARNING:cmdstanpy:Property "sampler_vars_cols" has been deprecated, use "metadata.method_vars_cols" instead.
WARNING:cmdstanpy:Property "stan_vars_cols" has been deprecated, use "metadata.stan_vars_cols" instead.
WARNING:cmdstanpy:Property "sampler_vars_cols" has been deprecated, use "metadata.method_vars_cols" instead.
WARNING:cmdstanpy:Property "sampler_vars_cols" has been deprecated, use "metadata.method_vars_cols" instead.
WARNING:cmdstanpy:Property "stan_vars_cols" has been deprecated, use "metadata.stan_vars_cols" instead.
WARNING:cmdstanpy:Property "sampler_vars_cols" has been deprecated, use "metadata.method_vars_cols" instead.
WARNING:cmdstanpy:Property "sampler_vars_cols" has been deprecated, use "metadata.method_vars_cols" instead.
WARNING:cmdstanpy:Property "stan_vars_cols" has been deprecated, use "metadata.stan_vars_cols" instead.
WARNING:cmdstanpy:Property "sampler_vars_cols" has been deprecated, use "metadata.method_vars_cols" instead.
WARNING:cmdstanpy:Property "sampler_vars_cols" has been deprecated, use "metadata.method_vars_cols" instead.
WARNING:cmdstanpy:Property "stan_vars_cols" has been deprecated, use "metadata.stan_vars_cols" instead.
WARNING:cmdstanpy:Property "stan_vars_cols" has been deprecated, use "metadata.stan_vars_cols" instead.
WARNING:cmdstanpy:Property "stan_vars_cols" has been deprecated, use "metadata.stan_vars_cols" instead.
WARNING:cmdstanpy:Property "stan_vars_cols" has been deprecated, use "metadata.stan_vars_cols" instead.
WARNING:cmdstanpy:Property "stan_vars_cols" has been deprecated, use "metadata.stan_vars_cols" instead.
WARNING:cmdstanpy:Property "stan_vars_cols" has been deprecated, use "metadata.stan_vars_cols" instead.
deleting tmpfiles dir: /tmp/tmpwwz0gfvt
done
